{"numFailedTestSuites":0,"numFailedTests":0,"numPassedTestSuites":4,"numPassedTests":19,"numPendingTestSuites":0,"numPendingTests":0,"numRuntimeErrorTestSuites":0,"numTodoTests":0,"numTotalTestSuites":4,"numTotalTests":19,"openHandles":[],"snapshot":{"added":0,"didUpdate":false,"failure":false,"filesAdded":0,"filesRemoved":0,"filesRemovedList":[],"filesUnmatched":0,"filesUpdated":0,"matched":0,"total":0,"unchecked":0,"uncheckedKeysByFile":[],"unmatched":0,"updated":0},"startTime":1675854111282,"success":true,"testResults":[{"assertionResults":[{"ancestorTitles":[],"failureMessages":[],"fullName":"load","location":null,"status":"passed","title":"load"},{"ancestorTitles":[],"failureMessages":[],"fullName":"loadString","location":null,"status":"passed","title":"loadString"},{"ancestorTitles":[],"failureMessages":[],"fullName":"save","location":null,"status":"passed","title":"save"},{"ancestorTitles":[],"failureMessages":[],"fullName":"saveString","location":null,"status":"passed","title":"saveString"},{"ancestorTitles":[],"failureMessages":[],"fullName":"remove","location":null,"status":"passed","title":"remove"},{"ancestorTitles":[],"failureMessages":[],"fullName":"clear","location":null,"status":"passed","title":"clear"}],"endTime":1675854115568,"message":"","name":"/Users/sonnguyen/Projects/charmsta_newIg/Charmsta/app/utils/storage/storage.test.ts","startTime":1675854111747,"status":"passed","summary":""},{"assertionResults":[{"ancestorTitles":["i18n"],"failureMessages":[],"fullName":"i18n There are no missing keys","location":null,"status":"passed","title":"There are no missing keys"}],"endTime":1675854115622,"message":"","name":"/Users/sonnguyen/Projects/charmsta_newIg/Charmsta/test/i18n.test.ts","startTime":1675854111747,"status":"passed","summary":""},{"assertionResults":[{"ancestorTitles":[],"failureMessages":[],"fullName":"handles connection errors","location":null,"status":"passed","title":"handles connection errors"},{"ancestorTitles":[],"failureMessages":[],"fullName":"handles network errors","location":null,"status":"passed","title":"handles network errors"},{"ancestorTitles":[],"failureMessages":[],"fullName":"handles timeouts","location":null,"status":"passed","title":"handles timeouts"},{"ancestorTitles":[],"failureMessages":[],"fullName":"handles server errors","location":null,"status":"passed","title":"handles server errors"},{"ancestorTitles":[],"failureMessages":[],"fullName":"handles unknown errors","location":null,"status":"passed","title":"handles unknown errors"},{"ancestorTitles":[],"failureMessages":[],"fullName":"handles unauthorized errors","location":null,"status":"passed","title":"handles unauthorized errors"},{"ancestorTitles":[],"failureMessages":[],"fullName":"handles forbidden errors","location":null,"status":"passed","title":"handles forbidden errors"},{"ancestorTitles":[],"failureMessages":[],"fullName":"handles not-found errors","location":null,"status":"passed","title":"handles not-found errors"},{"ancestorTitles":[],"failureMessages":[],"fullName":"handles other client errors","location":null,"status":"passed","title":"handles other client errors"},{"ancestorTitles":[],"failureMessages":[],"fullName":"handles cancellation errors","location":null,"status":"passed","title":"handles cancellation errors"}],"endTime":1675854115735,"message":"","name":"/Users/sonnguyen/Projects/charmsta_newIg/Charmsta/app/services/api/apiProblem.test.ts","startTime":1675854111747,"status":"passed","summary":""},{"assertionResults":[{"ancestorTitles":[],"failureMessages":[],"fullName":"publish date format","location":null,"status":"passed","title":"publish date format"},{"ancestorTitles":[],"failureMessages":[],"fullName":"duration format","location":null,"status":"passed","title":"duration format"}],"endTime":1675854118452,"message":"","name":"/Users/sonnguyen/Projects/charmsta_newIg/Charmsta/app/models/Episode.test.ts","startTime":1675854111747,"status":"passed","summary":""}],"wasInterrupted":false}